<?xml version="1.0" encoding="UTF-8"?>
<!-- Generated by org.testng.reporters.JUnitXMLReporter -->
<testsuite ignored="4" hostname="DESKTOP-94BPE5M" failures="0" tests="4" name="Test" time="42.214" errors="0" timestamp="2025-11-16T19:39:32 IST">
  <testcase classname="Amazon_Login_Automate.AmazonProject.TestSignIn" name="signIn" time="10.855"/>
  <testcase classname="Amazon_Login_Automate.AmazonProject.TestProductFilter" name="prodDetail" time="4.603"/>
  <testcase classname="Amazon_Login_Automate.AmazonProject.TestProductList" name="productListOperations" time="2.914"/>
  <testcase classname="Amazon_Login_Automate.AmazonProject.TestProductDetail" name="productDetail" time="14.587"/>
  <testcase classname="Amazon_Login_Automate.AmazonProject.BaseTest" name="@BeforeTest initializeDriver" time="0.0">
    <ignored/>
  </testcase> <!-- @BeforeTest initializeDriver -->
  <testcase classname="Amazon_Login_Automate.AmazonProject.BaseTest" name="@BeforeTest initializeDriver" time="0.0">
    <ignored/>
  </testcase> <!-- @BeforeTest initializeDriver -->
  <testcase classname="Amazon_Login_Automate.AmazonProject.BaseTest" name="@BeforeTest initializeDriver" time="0.0">
    <ignored/>
  </testcase> <!-- @BeforeTest initializeDriver -->
  <testcase classname="Amazon_Login_Automate.AmazonProject.BaseTest" name="@BeforeTest initializeDriver" time="0.0">
    <ignored/>
  </testcase> <!-- @BeforeTest initializeDriver -->
</testsuite> <!-- Test -->
