<?xml version="1.0" encoding="UTF-8"?>
<!-- Generated by org.testng.reporters.JUnitXMLReporter -->
<testsuite ignored="4" hostname="DESKTOP-94BPE5M" failures="0" tests="4" name="Test" time="32.969" errors="0" timestamp="2025-10-12T23:39:11 IST">
  <testcase classname="Amazon_Login_Automate.AmazonProject.TestSignIn" name="signIn" time="14.232"/>
  <testcase classname="Amazon_Login_Automate.AmazonProject.TestProductFilter" name="prodDetail" time="1.425"/>
  <testcase classname="Amazon_Login_Automate.AmazonProject.TestProductList" name="productListOperations" time="2.825"/>
  <testcase classname="Amazon_Login_Automate.AmazonProject.TestProductDetail" name="productDetail" time="5.028"/>
  <testcase classname="Amazon_Login_Automate.AmazonProject.BaseTest" name="@BeforeTest initializeDriver" time="0.0">
    <ignored/>
  </testcase> <!-- @BeforeTest initializeDriver -->
  <testcase classname="Amazon_Login_Automate.AmazonProject.BaseTest" name="@BeforeTest initializeDriver" time="0.0">
    <ignored/>
  </testcase> <!-- @BeforeTest initializeDriver -->
  <testcase classname="Amazon_Login_Automate.AmazonProject.BaseTest" name="@BeforeTest initializeDriver" time="0.0">
    <ignored/>
  </testcase> <!-- @BeforeTest initializeDriver -->
  <testcase classname="Amazon_Login_Automate.AmazonProject.BaseTest" name="@BeforeTest initializeDriver" time="0.0">
    <ignored/>
  </testcase> <!-- @BeforeTest initializeDriver -->
</testsuite> <!-- Test -->
