<?xml version="1.0" encoding="UTF-8"?>
<testng-results ignored="0" total="2" passed="2" failed="0" skipped="0">
  <reporter-output>
  </reporter-output>
  <suite started-at="2025-10-02T16:26:53 IST" name="Suite" finished-at="2025-10-02T16:27:10 IST" duration-ms="16284">
    <groups>
    </groups>
    <test started-at="2025-10-02T16:26:53 IST" name="Test" finished-at="2025-10-02T16:27:10 IST" duration-ms="16284">
      <class name="Amazon_Login_Automate.AmazonProject.TestSignIn">
        <test-method signature="signIn()[pri:0, instance:Amazon_Login_Automate.AmazonProject.TestSignIn@1fa121e2]" started-at="2025-10-02T16:27:02 IST" name="signIn" finished-at="2025-10-02T16:27:07 IST" duration-ms="5300" status="PASS">
          <reporter-output>
          </reporter-output>
        </test-method> <!-- signIn -->
      </class> <!-- Amazon_Login_Automate.AmazonProject.TestSignIn -->
      <class name="Amazon_Login_Automate.AmazonProject.TestProductDetail">
        <test-method signature="prodDetail()[pri:0, instance:Amazon_Login_Automate.AmazonProject.TestProductDetail@7eac9008]" started-at="2025-10-02T16:27:07 IST" name="prodDetail" finished-at="2025-10-02T16:27:10 IST" duration-ms="2397" status="PASS">
          <reporter-output>
          </reporter-output>
        </test-method> <!-- prodDetail -->
      </class> <!-- Amazon_Login_Automate.AmazonProject.TestProductDetail -->
      <class name="Amazon_Login_Automate.AmazonProject.BaseTest">
        <test-method is-config="true" signature="initializeDriver()[pri:0, instance:Amazon_Login_Automate.AmazonProject.BaseTest@3fc2959f]" started-at="2025-10-02T16:26:53 IST" name="initializeDriver" finished-at="2025-10-02T16:27:02 IST" duration-ms="8462" status="PASS">
          <reporter-output>
          </reporter-output>
        </test-method> <!-- initializeDriver -->
      </class> <!-- Amazon_Login_Automate.AmazonProject.BaseTest -->
    </test> <!-- Test -->
  </suite> <!-- Suite -->
</testng-results>
